<?xml version="1.0" encoding="UTF-8"?>
<!-- Generated by org.testng.reporters.JUnitXMLReporter -->
<testsuite ignored="5" hostname="Harshits-MacBook-Pro.local" failures="0" tests="1" name="Default test" time="6.803" errors="0" timestamp="02 Jun 2020 13:15:33 GMT">
  <testcase classname="user.UserTests" name="validateUserDataIsCorrect" time="4.068"/>
  <testcase classname="user.UserTests" name="validateUserDataIsNotFound" time="0.0">
    <ignored/>
  </testcase> <!-- validateUserDataIsNotFound -->
  <testcase classname="user.UserTests" name="validateConflictsinAddUser" time="0.0">
    <ignored/>
  </testcase> <!-- validateConflictsinAddUser -->
  <testcase classname="user.UserTests" name="addValidUser" time="0.0">
    <ignored/>
  </testcase> <!-- addValidUser -->
  <testcase classname="user.UserTests" name="addInValidUser" time="0.0">
    <ignored/>
  </testcase> <!-- addInValidUser -->
  <testcase classname="user.UserTests" name="validateTokenisAuthenticated" time="0.0">
    <ignored/>
  </testcase> <!-- validateTokenisAuthenticated -->
</testsuite> <!-- Default test -->
