<?xml version="1.0" encoding="UTF-8"?>
<testng-results ignored="5" total="6" passed="1" failed="0" skipped="0">
  <reporter-output>
  </reporter-output>
  <suite started-at="2020-06-02T13:15:22Z" name="Default suite" finished-at="2020-06-02T13:15:28Z" duration-ms="6803">
    <groups>
    </groups>
    <test started-at="2020-06-02T13:15:22Z" name="Default test" finished-at="2020-06-02T13:15:28Z" duration-ms="6803">
      <class name="user.UserTests">
        <test-method is-config="true" signature="getToken()[pri:0, instance:user.UserTests@79d94571]" started-at="2020-06-02T13:15:22Z" name="getToken" finished-at="2020-06-02T13:15:24Z" duration-ms="2719" status="PASS">
          <reporter-output>
          </reporter-output>
        </test-method> <!-- getToken -->
        <test-method signature="validateUserDataIsCorrect(java.util.HashMap)[pri:0, instance:user.UserTests@79d94571]" started-at="2020-06-02T13:15:24Z" name="validateUserDataIsCorrect" data-provider="randomValidValues" finished-at="2020-06-02T13:15:28Z" duration-ms="4068" status="PASS">
          <params>
            <param index="0">
              <value>
                <![CDATA[{email=kehdvdua@hhrwi.com, username=nmnwzpnb}]]>
              </value>
            </param>
          </params>
          <reporter-output>
          </reporter-output>
        </test-method> <!-- validateUserDataIsCorrect -->
      </class> <!-- user.UserTests -->
    </test> <!-- Default test -->
  </suite> <!-- Default suite -->
</testng-results>
