<?xml version="1.0" encoding="UTF-8"?>
<testng-results ignored="0" total="1" passed="1" failed="0" skipped="0">
  <reporter-output>
  </reporter-output>
  <suite started-at="2020-06-02T09:19:03Z" name="Default suite" finished-at="2020-06-02T09:19:05Z" duration-ms="2163">
    <groups>
    </groups>
    <test started-at="2020-06-02T09:19:03Z" name="Default test" finished-at="2020-06-02T09:19:05Z" duration-ms="2163">
      <class name="user.User">
        <test-method signature="getToken()[pri:0, instance:user.User@50468873]" started-at="2020-06-02T09:19:03Z" name="getToken" finished-at="2020-06-02T09:19:05Z" duration-ms="2126" status="PASS">
          <reporter-output>
          </reporter-output>
        </test-method> <!-- getToken -->
      </class> <!-- user.User -->
    </test> <!-- Default test -->
  </suite> <!-- Default suite -->
</testng-results>
